Using pre-set license
Built from '2022.3/staging' branch; Version is '2022.3.55f1 (9f374180d209) revision 10434369'; Using compiler version '192829333'; Build Type 'Release'
OS: 'Windows 10  (10.0.19045) 64bit Professional' Language: 'en' Physical Memory: 16333 MB
BatchMode: 1, IsHumanControllingUs: 0, StartBugReporterOnCrash: 0, Is64bit: 1, IsPro: 1

COMMAND LINE ARGUMENTS:
C:\Program Files\Unity\Hub\Editor\2022.3.55f1\Editor\Unity.exe
-adb2
-batchMode
-noUpm
-name
AssetImportWorker3
-projectPath
C:/Users/Jess/OneDrive/Documents/Unity/Team9/Gamedev
-logFile
Logs/AssetImportWorker3.log
-srvPort
58808
Successfully changed project path to: C:/Users/Jess/OneDrive/Documents/Unity/Team9/Gamedev
C:/Users/Jess/OneDrive/Documents/Unity/Team9/Gamedev
[UnityMemory] Configuration Parameters - Can be set up in boot.config
    "memorysetup-bucket-allocator-granularity=16"
    "memorysetup-bucket-allocator-bucket-count=8"
    "memorysetup-bucket-allocator-block-size=33554432"
    "memorysetup-bucket-allocator-block-count=8"
    "memorysetup-main-allocator-block-size=16777216"
    "memorysetup-thread-allocator-block-size=16777216"
    "memorysetup-gfx-main-allocator-block-size=16777216"
    "memorysetup-gfx-thread-allocator-block-size=16777216"
    "memorysetup-cache-allocator-block-size=4194304"
    "memorysetup-typetree-allocator-block-size=2097152"
    "memorysetup-profiler-bucket-allocator-granularity=16"
    "memorysetup-profiler-bucket-allocator-bucket-count=8"
    "memorysetup-profiler-bucket-allocator-block-size=33554432"
    "memorysetup-profiler-bucket-allocator-block-count=8"
    "memorysetup-profiler-allocator-block-size=16777216"
    "memorysetup-profiler-editor-allocator-block-size=1048576"
    "memorysetup-temp-allocator-size-main=16777216"
    "memorysetup-job-temp-allocator-block-size=2097152"
    "memorysetup-job-temp-allocator-block-size-background=1048576"
    "memorysetup-job-temp-allocator-reduction-small-platforms=262144"
    "memorysetup-allocator-temp-initial-block-size-main=262144"
    "memorysetup-allocator-temp-initial-block-size-worker=262144"
    "memorysetup-temp-allocator-size-background-worker=32768"
    "memorysetup-temp-allocator-size-job-worker=262144"
    "memorysetup-temp-allocator-size-preload-manager=33554432"
    "memorysetup-temp-allocator-size-nav-mesh-worker=65536"
    "memorysetup-temp-allocator-size-audio-worker=65536"
    "memorysetup-temp-allocator-size-cloud-worker=32768"
    "memorysetup-temp-allocator-size-gi-baking-worker=262144"
    "memorysetup-temp-allocator-size-gfx=262144"
Player connection [23848]  Target information:

Player connection [23848]  * "[IP] 10.127.30.112 [Port] 0 [Flags] 2 [Guid] 2946647231 [EditorId] 2946647231 [Version] 1048832 [Id] WindowsEditor(7,DESKTOP-QQH6NVU) [Debug] 1 [PackageName] WindowsEditor [ProjectName] Editor" 

Player connection [23848]  * "[IP] 172.28.32.1 [Port] 0 [Flags] 2 [Guid] 2946647231 [EditorId] 2946647231 [Version] 1048832 [Id] WindowsEditor(7,DESKTOP-QQH6NVU) [Debug] 1 [PackageName] WindowsEditor [ProjectName] Editor" 

Player connection [23848] Host joined multi-casting on [225.0.0.222:54997]...
Player connection [23848] Host joined alternative multi-casting on [225.0.0.222:34997]...
[PhysX] Initialized MultithreadedTaskDispatcher with 12 workers.
Refreshing native plugins compatible for Editor in 12.82 ms, found 1 plugins.
Preloading 0 native plugins for Editor in 0.00 ms.
Initialize engine version: 2022.3.55f1 (9f374180d209)
[Subsystems] Discovering subsystems at path C:/Program Files/Unity/Hub/Editor/2022.3.55f1/Editor/Data/Resources/UnitySubsystems
[Subsystems] Discovering subsystems at path C:/Users/Jess/OneDrive/Documents/Unity/Team9/Gamedev/Assets
GfxDevice: creating device client; threaded=0; jobified=0
Direct3D:
    Version:  Direct3D 11.0 [level 11.1]
    Renderer: NVIDIA GeForce GTX 1660 (ID=0x2184)
    Vendor:   NVIDIA
    VRAM:     5966 MB
    Driver:   32.0.15.7242
Initialize mono
Mono path[0] = 'C:/Program Files/Unity/Hub/Editor/2022.3.55f1/Editor/Data/Managed'
Mono path[1] = 'C:/Program Files/Unity/Hub/Editor/2022.3.55f1/Editor/Data/MonoBleedingEdge/lib/mono/unityjit-win32'
Mono config path = 'C:/Program Files/Unity/Hub/Editor/2022.3.55f1/Editor/Data/MonoBleedingEdge/etc'
Using monoOptions --debugger-agent=transport=dt_socket,embedding=1,server=y,suspend=n,address=127.0.0.1:56308
Begin MonoManager ReloadAssembly
Registering precompiled unity dll's ...
Register platform support module: C:/Program Files/Unity/Hub/Editor/2022.3.55f1/Editor/Data/PlaybackEngines/WindowsStandaloneSupport/UnityEditor.WindowsStandalone.Extensions.dll
Registered in 0.012418 seconds.
- Loaded All Assemblies, in  0.428 seconds
Native extension for WindowsStandalone target not found
Mono: successfully reloaded assembly
- Finished resetting the current domain, in  0.304 seconds
Domain Reload Profiling: 730ms
	BeginReloadAssembly (131ms)
		ExecutionOrderSort (0ms)
		DisableScriptedObjects (0ms)
		BackupInstance (0ms)
		ReleaseScriptingObjects (0ms)
		CreateAndSetChildDomain (1ms)
	RebuildCommonClasses (45ms)
	RebuildNativeTypeToScriptingClass (14ms)
	initialDomainReloadingComplete (73ms)
	LoadAllAssembliesAndSetupDomain (162ms)
		LoadAssemblies (128ms)
		RebuildTransferFunctionScriptingTraits (0ms)
		AnalyzeDomain (159ms)
			TypeCache.Refresh (157ms)
				TypeCache.ScanAssembly (141ms)
			ScanForSourceGeneratedMonoScriptInfo (1ms)
			ResolveRequiredComponents (1ms)
	FinalizeReload (305ms)
		ReleaseScriptCaches (0ms)
		RebuildScriptCaches (0ms)
		SetupLoadedEditorAssemblies (255ms)
			LogAssemblyErrors (0ms)
			InitializePlatformSupportModulesInManaged (11ms)
			SetLoadedEditorAssemblies (8ms)
			RefreshPlugins (0ms)
			BeforeProcessingInitializeOnLoad (2ms)
			ProcessInitializeOnLoadAttributes (177ms)
			ProcessInitializeOnLoadMethodAttributes (57ms)
			AfterProcessingInitializeOnLoad (0ms)
			EditorAssembliesLoaded (0ms)
		ExecutionOrderSort2 (0ms)
		AwakeInstancesAfterBackupRestoration (0ms)
========================================================================
Worker process is ready to serve import requests
Caller must complete domain reload
Begin MonoManager ReloadAssembly
Symbol file LoadedFromMemory is not a mono symbol file
- Loaded All Assemblies, in  0.793 seconds
Native extension for WindowsStandalone target not found
Mono: successfully reloaded assembly
- Finished resetting the current domain, in  0.735 seconds
Domain Reload Profiling: 1522ms
	BeginReloadAssembly (178ms)
		ExecutionOrderSort (0ms)
		DisableScriptedObjects (6ms)
		BackupInstance (0ms)
		ReleaseScriptingObjects (0ms)
		CreateAndSetChildDomain (25ms)
	RebuildCommonClasses (41ms)
	RebuildNativeTypeToScriptingClass (13ms)
	initialDomainReloadingComplete (53ms)
	LoadAllAssembliesAndSetupDomain (502ms)
		LoadAssemblies (386ms)
		RebuildTransferFunctionScriptingTraits (0ms)
		AnalyzeDomain (220ms)
			TypeCache.Refresh (173ms)
				TypeCache.ScanAssembly (154ms)
			ScanForSourceGeneratedMonoScriptInfo (32ms)
			ResolveRequiredComponents (15ms)
	FinalizeReload (735ms)
		ReleaseScriptCaches (0ms)
		RebuildScriptCaches (0ms)
		SetupLoadedEditorAssemblies (555ms)
			LogAssemblyErrors (0ms)
			InitializePlatformSupportModulesInManaged (8ms)
			SetLoadedEditorAssemblies (4ms)
			RefreshPlugins (0ms)
			BeforeProcessingInitializeOnLoad (97ms)
			ProcessInitializeOnLoadAttributes (330ms)
			ProcessInitializeOnLoadMethodAttributes (104ms)
			AfterProcessingInitializeOnLoad (11ms)
			EditorAssembliesLoaded (0ms)
		ExecutionOrderSort2 (0ms)
		AwakeInstancesAfterBackupRestoration (7ms)
Launched and connected shader compiler UnityShaderCompiler.exe after 0.05 seconds
Refreshing native plugins compatible for Editor in 7.75 ms, found 1 plugins.
Preloading 0 native plugins for Editor in 0.00 ms.
Unloading 5240 Unused Serialized files (Serialized files now loaded: 0)
Unloading 39 unused Assets / (417.7 KB). Loaded Objects now: 5729.
Memory consumption went from 209.5 MB to 209.1 MB.
Total: 5.771400 ms (FindLiveObjects: 0.637400 ms CreateObjectMapping: 0.189400 ms MarkObjects: 4.571500 ms  DeleteObjects: 0.371800 ms)

AssetImportParameters requested are different than current active one (requested -> active):
  custom:container-demuxer-ogg: 62fdf1f143b41e24485cea50d1cbac27 -> 
  custom:video-decoder-ogg-theora: a1e56fd34408186e4bbccfd4996cb3dc -> 
  custom:framework-win-MediaFoundation: 216162199b28c13a410421893ffa2e32 -> 
  custom:CustomObjectIndexerAttribute: 72b91833f83ae208fae7752999fa3104 -> 
  custom:container-demuxer-webm: 4f35f7cbe854078d1ac9338744f61a02 -> 
  custom:container-muxer-webm: aa71ff27fc2769a1b78a27578f13a17b -> 
  custom:video-decoder-webm-vp8: 9c59270c3fd7afecdb556c50c9e8de78 -> 
  custom:SearchIndexIgnoredProperties: e643bd26f0fe6173181afceb89e7c659 -> 
  custom:AudioImporter_EditorPlatform: d09bf68614088b80899f8185d706f6e7 -> 
  custom:video-encoder-webm-vp8: eb34c28f22e8b96e1ab97ce403110664 -> 
  custom:audio-decoder-ogg-vorbis: bf7c407c2cedff20999df2af8eb42d56 -> 
  custom:audio-encoder-webm-vorbis: bf7c407c2cedff20999df2af8eb42d56 -> 
========================================================================
Received Import Request.
  Time since last request: 250691.919078 seconds.
  path: Assets/AssetHunts!/GameDev Starter Kit - Farming [Free Edition v1.0.0]/3D Models/Collectables/Collectable_Heart_01.prefab
  artifactKey: Guid(2e5f0dd626fadf14a9ad75aa89a00421) Importer(815301076,1909f56bfc062723c751e8b465ee728b)
Start importing Assets/AssetHunts!/GameDev Starter Kit - Farming [Free Edition v1.0.0]/3D Models/Collectables/Collectable_Heart_01.prefab using Guid(2e5f0dd626fadf14a9ad75aa89a00421) Importer(815301076,1909f56bfc062723c751e8b465ee728b) [PhysX] Initialized MultithreadedTaskDispatcher with 12 workers.
[PhysX] Initialized MultithreadedTaskDispatcher with 12 workers.
 -> (artifact id: '59ca3faae32904d787a5b9acc66c5a0e') in 0.128096 seconds
Number of updated asset objects reloaded before import = 0
Number of asset objects unloaded after import = 17
========================================================================
Received Import Request.
  Time since last request: 7.391103 seconds.
  path: Assets/AssetHunts!/GameDev Starter Kit - Farming [Free Edition v1.0.0]/3D Models/Farm Crop Signs/Farm_Crop_Sign_Cauliflower_01.prefab
  artifactKey: Guid(403e8d4f592a2c644aaa00551c759875) Importer(815301076,1909f56bfc062723c751e8b465ee728b)
Start importing Assets/AssetHunts!/GameDev Starter Kit - Farming [Free Edition v1.0.0]/3D Models/Farm Crop Signs/Farm_Crop_Sign_Cauliflower_01.prefab using Guid(403e8d4f592a2c644aaa00551c759875) Importer(815301076,1909f56bfc062723c751e8b465ee728b) [PhysX] Initialized MultithreadedTaskDispatcher with 12 workers.
[PhysX] Initialized MultithreadedTaskDispatcher with 12 workers.
 -> (artifact id: 'cfa8b724430973329258142b553fc784') in 0.023301 seconds
Number of updated asset objects reloaded before import = 0
Number of asset objects unloaded after import = 17
========================================================================
Received Import Request.
  Time since last request: 0.000020 seconds.
  path: Assets/AssetHunts!/GameDev Starter Kit - Farming [Free Edition v1.0.0]/3D Models/Farm Crop Signs/Farm_Crop_Sign_Corn_01.prefab
  artifactKey: Guid(5290804b01f7c4a48953ed9fbac16f9f) Importer(815301076,1909f56bfc062723c751e8b465ee728b)
Start importing Assets/AssetHunts!/GameDev Starter Kit - Farming [Free Edition v1.0.0]/3D Models/Farm Crop Signs/Farm_Crop_Sign_Corn_01.prefab using Guid(5290804b01f7c4a48953ed9fbac16f9f) Importer(815301076,1909f56bfc062723c751e8b465ee728b) [PhysX] Initialized MultithreadedTaskDispatcher with 12 workers.
[PhysX] Initialized MultithreadedTaskDispatcher with 12 workers.
 -> (artifact id: '2eca06d67d82c957cf4846f98ed7ef73') in 0.010954 seconds
Number of updated asset objects reloaded before import = 0
Number of asset objects unloaded after import = 17
========================================================================
Received Import Request.
  Time since last request: 1.503787 seconds.
  path: Assets/AssetHunts!/GameDev Starter Kit - Farming [Free Edition v1.0.0]/3D Models/Farm Crop Steps/Farm_Crop_Broccoli_Step_03.prefab
  artifactKey: Guid(dcf17dca09b40da408d9055d29925728) Importer(815301076,1909f56bfc062723c751e8b465ee728b)
Start importing Assets/AssetHunts!/GameDev Starter Kit - Farming [Free Edition v1.0.0]/3D Models/Farm Crop Steps/Farm_Crop_Broccoli_Step_03.prefab using Guid(dcf17dca09b40da408d9055d29925728) Importer(815301076,1909f56bfc062723c751e8b465ee728b) [PhysX] Initialized MultithreadedTaskDispatcher with 12 workers.
[PhysX] Initialized MultithreadedTaskDispatcher with 12 workers.
 -> (artifact id: 'd4092213c90b4a19d33b4b79c7765112') in 0.020165 seconds
Number of updated asset objects reloaded before import = 0
Number of asset objects unloaded after import = 17
========================================================================
Received Import Request.
  Time since last request: 0.000021 seconds.
  path: Assets/AssetHunts!/GameDev Starter Kit - Farming [Free Edition v1.0.0]/3D Models/Farm Crop Steps/Farm_Crop_Corn_Step_03.prefab
  artifactKey: Guid(530671a6dcce5b84992a7417b0d91c86) Importer(815301076,1909f56bfc062723c751e8b465ee728b)
Start importing Assets/AssetHunts!/GameDev Starter Kit - Farming [Free Edition v1.0.0]/3D Models/Farm Crop Steps/Farm_Crop_Corn_Step_03.prefab using Guid(530671a6dcce5b84992a7417b0d91c86) Importer(815301076,1909f56bfc062723c751e8b465ee728b) [PhysX] Initialized MultithreadedTaskDispatcher with 12 workers.
[PhysX] Initialized MultithreadedTaskDispatcher with 12 workers.
 -> (artifact id: '5de443a293c9e76c17902cba766d0194') in 0.020475 seconds
Number of updated asset objects reloaded before import = 0
Number of asset objects unloaded after import = 17
========================================================================
Received Import Request.
  Time since last request: 0.000021 seconds.
  path: Assets/AssetHunts!/GameDev Starter Kit - Farming [Free Edition v1.0.0]/3D Models/Farm Crop Steps/Farm_Crop_Carrot_Step_01.prefab
  artifactKey: Guid(f4ea6b9d24fd2164795278fa98ffb6c1) Importer(815301076,1909f56bfc062723c751e8b465ee728b)
Start importing Assets/AssetHunts!/GameDev Starter Kit - Farming [Free Edition v1.0.0]/3D Models/Farm Crop Steps/Farm_Crop_Carrot_Step_01.prefab using Guid(f4ea6b9d24fd2164795278fa98ffb6c1) Importer(815301076,1909f56bfc062723c751e8b465ee728b) [PhysX] Initialized MultithreadedTaskDispatcher with 12 workers.
[PhysX] Initialized MultithreadedTaskDispatcher with 12 workers.
 -> (artifact id: 'c6bca2ac5be11cfe556fbded2659f237') in 0.010843 seconds
Number of updated asset objects reloaded before import = 0
Number of asset objects unloaded after import = 17
========================================================================
Received Import Request.
  Time since last request: 0.000019 seconds.
  path: Assets/AssetHunts!/GameDev Starter Kit - Farming [Free Edition v1.0.0]/3D Models/Farm Crop Steps/Farm_Crop_Carrot_Step_03.prefab
  artifactKey: Guid(256da108ea4933f498908e467e4c1fc9) Importer(815301076,1909f56bfc062723c751e8b465ee728b)
Start importing Assets/AssetHunts!/GameDev Starter Kit - Farming [Free Edition v1.0.0]/3D Models/Farm Crop Steps/Farm_Crop_Carrot_Step_03.prefab using Guid(256da108ea4933f498908e467e4c1fc9) Importer(815301076,1909f56bfc062723c751e8b465ee728b) [PhysX] Initialized MultithreadedTaskDispatcher with 12 workers.
[PhysX] Initialized MultithreadedTaskDispatcher with 12 workers.
 -> (artifact id: '0b08efe12b93c3b7d826f9e6d8edd1a5') in 0.019294 seconds
Number of updated asset objects reloaded before import = 0
Number of asset objects unloaded after import = 17
========================================================================
Received Import Request.
  Time since last request: 0.000034 seconds.
  path: Assets/AssetHunts!/GameDev Starter Kit - Farming [Free Edition v1.0.0]/3D Models/Farm Crop Steps/Farm_Crop_Corn_Step_02.prefab
  artifactKey: Guid(ff4ed0f60d4a5a54b9b1a0b2fad77c78) Importer(815301076,1909f56bfc062723c751e8b465ee728b)
Start importing Assets/AssetHunts!/GameDev Starter Kit - Farming [Free Edition v1.0.0]/3D Models/Farm Crop Steps/Farm_Crop_Corn_Step_02.prefab using Guid(ff4ed0f60d4a5a54b9b1a0b2fad77c78) Importer(815301076,1909f56bfc062723c751e8b465ee728b) [PhysX] Initialized MultithreadedTaskDispatcher with 12 workers.
[PhysX] Initialized MultithreadedTaskDispatcher with 12 workers.
 -> (artifact id: '050d5a919a50f940c5d3c80f68a67e9e') in 0.019345 seconds
Number of updated asset objects reloaded before import = 0
Number of asset objects unloaded after import = 17
========================================================================
Received Import Request.
  Time since last request: 0.000017 seconds.
  path: Assets/AssetHunts!/GameDev Starter Kit - Farming [Free Edition v1.0.0]/3D Models/Farm Crop Steps/Farm_Crop_Corn_Step_01.prefab
  artifactKey: Guid(e4d6cf5dfac217e4aa57b954b8cc1105) Importer(815301076,1909f56bfc062723c751e8b465ee728b)
Start importing Assets/AssetHunts!/GameDev Starter Kit - Farming [Free Edition v1.0.0]/3D Models/Farm Crop Steps/Farm_Crop_Corn_Step_01.prefab using Guid(e4d6cf5dfac217e4aa57b954b8cc1105) Importer(815301076,1909f56bfc062723c751e8b465ee728b) [PhysX] Initialized MultithreadedTaskDispatcher with 12 workers.
[PhysX] Initialized MultithreadedTaskDispatcher with 12 workers.
 -> (artifact id: '35bfbf953a7041427bdda2c2dc68cef4') in 0.017211 seconds
Number of updated asset objects reloaded before import = 0
Number of asset objects unloaded after import = 17
========================================================================
Received Import Request.
  Time since last request: 5.625077 seconds.
  path: Assets/AssetHunts!/GameDev Starter Kit - Farming [Free Edition v1.0.0]/3D Models/Farm Tools/Farm_Tool_Watering_Pot_01.prefab
  artifactKey: Guid(b99a481469a763547afd7f56716dd9d0) Importer(815301076,1909f56bfc062723c751e8b465ee728b)
Start importing Assets/AssetHunts!/GameDev Starter Kit - Farming [Free Edition v1.0.0]/3D Models/Farm Tools/Farm_Tool_Watering_Pot_01.prefab using Guid(b99a481469a763547afd7f56716dd9d0) Importer(815301076,1909f56bfc062723c751e8b465ee728b) [PhysX] Initialized MultithreadedTaskDispatcher with 12 workers.
[PhysX] Initialized MultithreadedTaskDispatcher with 12 workers.
 -> (artifact id: '16f510505c9b02d15a853964c7f441d8') in 0.019911 seconds
Number of updated asset objects reloaded before import = 0
Number of asset objects unloaded after import = 17
